This is pdfeTeX, Version 3.141592-1.21a-2.2 (Web2C 7.5.4) (format=latex 2007.8.10)  25 AUG 2007 14:00
entering extended mode
**main.tex
(./main.tex
LaTeX2e <2003/12/01>
Babel <v3.8d> and hyphenation patterns for american, french, german, ngerman, b
ahasa, basque, bulgarian, catalan, croatian, czech, danish, dutch, esperanto, e
stonian, finnish, greek, icelandic, irish, italian, latin, magyar, norsk, polis
h, portuges, romanian, russian, serbian, slovak, slovene, spanish, swedish, tur
kish, ukrainian, nohyphenation, loaded.
(/usr/share/texmf/tex/latex/base/book.cls
Document Class: book 2004/02/16 v1.4f Standard LaTeX document class
(/usr/share/texmf/tex/latex/base/bk12.clo
File: bk12.clo 2004/02/16 v1.4f Standard LaTeX file (size option)
)
\c@part=\count79
\c@chapter=\count80
\c@section=\count81
\c@subsection=\count82
\c@subsubsection=\count83
\c@paragraph=\count84
\c@subparagraph=\count85
\c@figure=\count86
\c@table=\count87
\abovecaptionskip=\skip41
\belowcaptionskip=\skip42
\bibindent=\dimen102
)
(/usr/share/texmf/tex/generic/epsf/epsf.tex
This is `epsf.tex' v2.7k <10 July 1997>
\epsffilein=\read1
\epsfframemargin=\dimen103
\epsfframethickness=\dimen104
\epsfrsize=\dimen105
\epsftmp=\dimen106
\epsftsize=\dimen107
\epsfxsize=\dimen108
\epsfysize=\dimen109
\pspoints=\dimen110
\epsfnoopenhelp=\toks14
) (/usr/share/texmf/tex/latex/graphics/graphicx.sty
Package: graphicx 1999/02/16 v1.0f Enhanced LaTeX Graphics (DPC,SPQR)

(/usr/share/texmf/tex/latex/graphics/keyval.sty
Package: keyval 1999/03/16 v1.13 key=value parser (DPC)
\KV@toks@=\toks15
)
(/usr/share/texmf/tex/latex/graphics/graphics.sty
Package: graphics 2001/07/07 v1.0n Standard LaTeX Graphics (DPC,SPQR)

(/usr/share/texmf/tex/latex/graphics/trig.sty
Package: trig 1999/03/16 v1.09 sin cos tan (DPC)
)
(/usr/share/texmf/tex/latex/graphics/graphics.cfg
File: graphics.cfg 2005/02/03 v1.3 graphics configuration of teTeX/TeXLive
)
Package graphics Info: Driver file: dvips.def on input line 80.

(/usr/share/texmf/tex/latex/graphics/dvips.def
File: dvips.def 1999/02/16 v3.0i Driver-dependant file (DPC,SPQR)
))
\Gin@req@height=\dimen111
\Gin@req@width=\dimen112
)
(/usr/share/texmf/tex/latex/graphics/color.sty
Package: color 1999/02/16 v1.0i Standard LaTeX Color (DPC)

(/usr/share/texmf/tex/latex/graphics/color.cfg
File: color.cfg 2005/02/03 v1.3 color configuration of teTeX/TeXLive
)
Package color Info: Driver file: dvips.def on input line 125.

(/usr/share/texmf/tex/latex/graphics/dvipsnam.def
File: dvipsnam.def 1999/02/16 v3.0i Driver-dependant file (DPC,SPQR)
))
(/usr/share/texmf/tex/latex/tools/xspace.sty
Package: xspace 1997/10/13 v1.06 Space after command names (DPC)
)
(/usr/share/texmf/tex/latex/fancyhdr/fancyhdr.sty
\fancy@headwidth=\skip43
\f@ncyO@elh=\skip44
\f@ncyO@erh=\skip45
\f@ncyO@olh=\skip46
\f@ncyO@orh=\skip47
\f@ncyO@elf=\skip48
\f@ncyO@erf=\skip49
\f@ncyO@olf=\skip50
\f@ncyO@orf=\skip51
)
(/usr/share/texmf/tex/latex/tools/layout.sty
Package: layout 2000/09/25 v1.2c Show layout parameters
\oneinch=\count88
\cnt@paperwidth=\count89
\cnt@paperheight=\count90
\cnt@hoffset=\count91
\cnt@voffset=\count92
\cnt@textheight=\count93
\cnt@textwidth=\count94
\cnt@topmargin=\count95
\cnt@oddsidemargin=\count96
\cnt@evensidemargin=\count97
\cnt@headheight=\count98
\cnt@headsep=\count99
\cnt@marginparsep=\count100
\cnt@marginparwidth=\count101
\cnt@marginparpush=\count102
\cnt@footskip=\count103
\fheight=\count104
\ref@top=\count105
\ref@hoffset=\count106
\ref@voffset=\count107
\ref@head=\count108
\ref@body=\count109
\ref@foot=\count110
\ref@margin=\count111
\ref@marginwidth=\count112
\ref@marginpar=\count113
\Interval=\count114
\ExtraYPos=\count115
\PositionX=\count116
\PositionY=\count117
\ArrowLength=\count118
) (./slashed.sty
Package: slashed 1997/01/16 v0.01 Feynman Slashed Character Notation (DPC)
)
(/usr/share/texmf/tex/latex/setspace/setspace.sty
Package: setspace 2000/12/01 6.7 Contributed and Supported LaTeX2e package

Package: `setspace' 6.7 <2000/12/01>
) (/usr/share/texmf/tex/latex/rotating/rotating.sty
Package: rotating 1997/09/26 v2.13 Rotation package

(/usr/share/texmf/tex/latex/base/ifthen.sty
Package: ifthen 2001/05/26 v1.1c Standard LaTeX ifthen package (DPC)
)
\c@r@tfl@t=\count119
\rot@float@box=\box26
)
(/usr/share/texmf/tex/latex/graphics/lscape.sty
Package: lscape 2000/10/22 v3.01 Landscape Pages (DPC)
)
(/usr/share/texmf/tex/latex/geometry/geometry.sty
Package: geometry 2002/07/08 v3.2 Page Geometry
\Gm@cnth=\count120
\Gm@cntv=\count121
\c@Gm@tempcnt=\count122
\Gm@bindingoffset=\dimen113
\Gm@wd@mp=\dimen114
\Gm@odd@mp=\dimen115
\Gm@even@mp=\dimen116
\Gm@dimlist=\toks16

(/usr/share/texmf/tex/latex/geometry/geometry.cfg)

Package geometry Warning: Over-specification in `h'-direction.
    `width' (397.48499pt) is ignored.


Package geometry Warning: Over-specification in `v'-direction.
    `height' (614.295pt) is ignored.

) (/home/mgericke/NPDGamma/PHD_Thesis/def_math.tex)
(/home/mgericke/NPDGamma/PHD_Thesis/def_thesis.tex)
(/home/mgericke/NPDGamma/PHD_Thesis/def_com_thesis.tex)
\@indexfile=\write3
\openout3 = `main.idx'.


Writing index file main.idx
(./main.aux (./contents/contents.aux) (./Introduction/Introduction.aux)
(./chapter1/chapter1.aux) (./chapter2/chapter2.aux) (./chapter3/chapter3.aux)
(./chapter4/chapter4.aux) (./chapter5/chapter5.aux

LaTeX Warning: Label `fig:V-SC-5' multiply defined.


LaTeX Warning: Label `fig:V-SC-6' multiply defined.


LaTeX Warning: Label `fig:V-SC-7' multiply defined.


LaTeX Warning: Label `fig:V-SC-8' multiply defined.


LaTeX Warning: Label `fig:V-SC-9' multiply defined.


LaTeX Warning: Label `fig:V-SC-10' multiply defined.


LaTeX Warning: Label `fig:V-SC-11' multiply defined.


LaTeX Warning: Label `fig:V-SC-12' multiply defined.


LaTeX Warning: Label `fig:V-SC-13' multiply defined.


LaTeX Warning: Label `fig:V-SC-33' multiply defined.

) (./chapter6/chapter6.aux) (./chapter7/chapter7.aux) (./chapter8/chapter8.aux)
(./chapter9/chapter9.aux) (./chapter10/chapter10.aux)
(./chapter11/chapter11.aux) (./chapter12/chapter12.aux)
(./chapter13/chapter13.aux) (./chapter14/chapter14.aux

LaTeX Warning: Label `CHP_IV' multiply defined.

) (./chapter15/chapter15.aux) (./chapter16/chapter16.aux)
(./chapter17/chapter17.aux) (./chapter18/chapter18.aux))
\openout1 = `main.aux'.

LaTeX Font Info:    Checking defaults for OML/cmm/m/it on input line 94.
LaTeX Font Info:    ... okay on input line 94.
LaTeX Font Info:    Checking defaults for T1/cmr/m/n on input line 94.
LaTeX Font Info:    ... okay on input line 94.
LaTeX Font Info:    Checking defaults for OT1/cmr/m/n on input line 94.
LaTeX Font Info:    ... okay on input line 94.
LaTeX Font Info:    Checking defaults for OMS/cmsy/m/n on input line 94.
LaTeX Font Info:    ... okay on input line 94.
LaTeX Font Info:    Checking defaults for OMX/cmex/m/n on input line 94.
LaTeX Font Info:    ... okay on input line 94.
LaTeX Font Info:    Checking defaults for U/cmr/m/n on input line 94.
LaTeX Font Info:    ... okay on input line 94.
-------------------- Geometry parameters
paper: class default
landscape: --
twocolumn: --
twoside: true
asymmetric: --
h-parts: 72.26999pt, 469.75502pt, 72.26999pt
v-parts: 72.26999pt, 650.43001pt, 72.26999pt
hmarginratio: --
vmarginratio: --
lines: --
heightrounded: --
bindingoffset: 0.0pt
truedimen: --
includehead: --
includefoot: --
includemp: --
driver: 
-------------------- Page layout dimensions and switches
\paperwidth  614.295pt
\paperheight 794.96999pt
\textwidth  469.75502pt
\textheight 650.43001pt
\oddsidemargin  0.0pt
\evensidemargin 0.0pt
\topmargin  -31.8738pt
\headheight 12.0pt
\headsep    19.8738pt
\footskip   30.0pt
\marginparwidth 98.0pt
\marginparsep   7.0pt
\columnsep  10.0pt
\skip\footins  10.8pt plus 4.0pt minus 2.0pt
\hoffset 0.0pt
\voffset 0.0pt
\mag 1000
\@twosidetrue \@mparswitchtrue 
(1in=72.27pt, 1cm=28.45pt)
-----------------------
LaTeX Font Info:    External font `cmex10' loaded for size
(Font)              <14.4> on input line 96.
LaTeX Font Info:    External font `cmex10' loaded for size
(Font)              <7> on input line 96.
 [1



] [2

]
\openout2 = `./contents/contents.aux'.


(./contents/contents.tex (./main.toc
LaTeX Font Info:    External font `cmex10' loaded for size
(Font)              <12> on input line 3.
LaTeX Font Info:    External font `cmex10' loaded for size
(Font)              <8> on input line 3.
LaTeX Font Info:    External font `cmex10' loaded for size
(Font)              <6> on input line 3.

Underfull \vbox (badness 2884) has occurred while \output is active []

 [1


])
\tf@toc=\write4
\openout4 = `main.toc'.

)
[2]
\openout2 = `./Introduction/Introduction.aux'.

 (./Introduction/Introduction.tex
Chapter 1.
LaTeX Font Info:    External font `cmex10' loaded for size
(Font)              <5> on input line 12.
LaTeX Font Info:    Try loading font information for OMS+cmr on input line 15.
(/usr/share/texmf/tex/latex/base/omscmr.fd
File: omscmr.fd 1999/05/25 v2.5h Standard LaTeX font definitions
)
LaTeX Font Info:    Font shape `OMS/cmr/m/n' in size <10> not available
(Font)              Font shape `OMS/cmsy/m/n' tried instead on input line 15.
 [1




]
File: ./Introduction/figures/QWeakGeant4.eps Graphic file (type eps)

<./Introduction/figures/QWeakGeant4.eps>

LaTeX Warning: `h' float specifier changed to `ht'.

[2]) [3




]
\openout2 = `./chapter1/chapter1.aux'.

 (./chapter1/chapter1.tex [4



]
Chapter 2.
[5] [6] [7] [8]
File: ./chapter1/figures/QweakSimClassTree04.eps Graphic file (type eps)
 <./chapter1/figures/QweakSimClassTree04.eps> [9







]
File: ./chapter1/figures/QweakSimClassTree01.eps Graphic file (type eps)

<./chapter1/figures/QweakSimClassTree01.eps>

LaTeX Warning: `h' float specifier changed to `ht'.

[10]

LaTeX Warning: Reference `fig:CLDP' on page 11 undefined on input line 193.

[11




]
Underfull \vbox (badness 10000) has occurred while \output is active []

 [12]
Overfull \hbox (57.01439pt too wide) in paragraph at lines 325--327
\OT1/cmr/m/n/12 Which com-piles Coin3D and gen-er-ates in-cludes, bi-na-ries, a
nd li-braries in \OT1/cmr/m/it/12 /usr/local/Coin3D/Coin-
 []

[13]
Overfull \hbox (44.41722pt too wide) in paragraph at lines 334--336
\OT1/cmr/m/n/12 Which com-piles SoXt and gen-er-ates in-cludes, bi-na-ries, and
 li-braries in \OT1/cmr/m/it/12 /usr/local/Coin3D/SoXt-
 []


Underfull \hbox (badness 10000) in paragraph at lines 337--345

 []


Overfull \hbox (16.5699pt too wide) in paragraph at lines 348--348
 []\OT1/cmtt/m/n/12 # CXXFLAGS := -W -Wall -ansi -pedantic -Wno-non-virtual-dto
r-Wno-long-long[] 
 []


Overfull \hbox (4.2199pt too wide) in paragraph at lines 348--348
 []\OT1/cmtt/m/n/12 CXXFLAGS := -W -Wall -ansi           -Wno-non-virtual-dtor-
Wno-long-long[] 
 []

[14] [15] [16]) [17]
\openout2 = `./chapter2/chapter2.aux'.

 (./chapter2/chapter2.tex [18



]
Chapter 3.
) [19]
\openout2 = `./chapter3/chapter3.aux'.

 (./chapter3/chapter3.tex [20



]
Chapter 4.
File: ./figures3/QweakSimG4-p2.eps Graphic file (type eps)
<./figures3/QweakSimG4-p2.eps>

LaTeX Warning: `h' float specifier changed to `ht'.

File: ./figures3/QweakSimG4-p3.eps Graphic file (type eps)
<./figures3/QweakSimG4-p3.eps>

LaTeX Warning: `h' float specifier changed to `ht'.

) [21] [22] [23]
\openout2 = `./chapter4/chapter4.aux'.

 (./chapter4/chapter4.tex [24



]
Chapter 5.

LaTeX Warning: Reference `fig:IV-1' on page 25 undefined on input line 35.

[25]
File: ./figures4/QweakSimDetectorConstruction.hh-p1.eps Graphic file (type eps)

 <./figures4/QweakSimDetectorConstruction.hh-p1.eps> [26]
File: ./figures4/QweakSimDetectorConstruction.hh-p2.eps Graphic file (type eps)


<./figures4/QweakSimDetectorConstruction.hh-p2.eps> [27]
File: ./figures4/QweakSimDetectorConstruction.hh-p3.eps Graphic file (type eps)


<./figures4/QweakSimDetectorConstruction.hh-p3.eps> [28]
File: ./figures4/QweakSimDetectorConstruction.cc-p1.eps Graphic file (type eps)


<./figures4/QweakSimDetectorConstruction.cc-p1.eps> [29]
File: ./figures4/QweakSimDetectorConstruction.cc-p2.eps Graphic file (type eps)


<./figures4/QweakSimDetectorConstruction.cc-p2.eps> [30]
File: ./figures4/QweakSimDetectorConstruction.cc-p3.eps Graphic file (type eps)


<./figures4/QweakSimDetectorConstruction.cc-p3.eps> [31]
File: ./figures4/QweakSimDetectorConstruction.cc-p4.eps Graphic file (type eps)


<./figures4/QweakSimDetectorConstruction.cc-p4.eps> [32]
File: ./figures4/QweakSimDetectorConstruction.cc-p5.eps Graphic file (type eps)


<./figures4/QweakSimDetectorConstruction.cc-p5.eps> [33]
File: ./figures4/QweakSimDetectorConstruction.cc-p6.eps Graphic file (type eps)


<./figures4/QweakSimDetectorConstruction.cc-p6.eps> [34]
File: ./figures4/QweakSimDetectorConstruction.cc-p7.eps Graphic file (type eps)


<./figures4/QweakSimDetectorConstruction.cc-p7.eps> [35]
File: ./figures4/QweakSimDetectorConstruction.cc-p8.eps Graphic file (type eps)


<./figures4/QweakSimDetectorConstruction.cc-p8.eps> [36]
File: ./figures4/QweakSimDetectorConstruction.cc-p9.eps Graphic file (type eps)


<./figures4/QweakSimDetectorConstruction.cc-p9.eps> [37])
\openout2 = `./chapter5/chapter5.aux'.


(./chapter5/chapter5.tex [38
















]
Chapter 6.

Overfull \hbox (18.12144pt too wide) in paragraph at lines 16--23
[]\OT1/cmr/m/n/12 The overal de-tec-tor ge-om-e-try and prop-er-ties are im-ple
-mented in the class \OT1/cmr/m/it/12 Qweak-Sim-CerenkovDe-
 []

[39]
Underfull \vbox (badness 10000) has occurred while \output is active []

 [40]
File: ./figures5/VolumeCont.eps Graphic file (type eps)

<./figures5/VolumeCont.eps> [41]
Underfull \vbox (badness 1466) has occurred while \output is active []

 [42]
[43]
File: ./figures5/LightCountGeom.eps Graphic file (type eps)
 <./figures5/LightCountGeom.eps>
File: ./figures5/PMTGeometry.eps Graphic file (type eps)
 <./figures5/PMTGeometry.eps>

LaTeX Warning: `h' float specifier changed to `ht'.

[44]

LaTeX Warning: Citation `pc:MACK1' on page 45 undefined on input line 328.

File: ./figures5/PMTCathQE.eps Graphic file (type eps)
<./figures5/PMTCathQE.eps> [45]
File: ./figures5/Wrapping-Material-Reflectance.eps Graphic file (type eps)
 <./figures5/Wrapping-Material-Reflectance.eps>

LaTeX Warning: `h' float specifier changed to `ht'.

[46] [47]
Overfull \hbox (1.87999pt too wide) in paragraph at lines 378--386
\OT1/cmr/m/n/12 The GEANT4 class \OT1/cmr/m/it/12 G4OpBoundaryProcess \OT1/cmr/
m/n/12 han-dles re-flec-tion and re-frac-tion at op-ti-cal bound-
 []

File: ./figures5/OpBoundary01.eps Graphic file (type eps)
<./figures5/OpBoundary01.eps> [48

]
File: ./figures5/OpBoundary02.eps Graphic file (type eps)
 <./figures5/OpBoundary02.eps> [49] [50]
File: ./figures5/WrappingFig.eps Graphic file (type eps)

<./figures5/WrappingFig.eps> [51]
Underfull \hbox (badness 10000) in paragraph at lines 597--600

 []

[52]
File: ./figures5/OpBoundary03.eps Graphic file (type eps)
 <./figures5/OpBoundary03.eps> [53] [54] [55] [56]
Underfull \hbox (badness 10000) in paragraph at lines 839--840

 []


Underfull \hbox (badness 10000) in paragraph at lines 841--842

 []

[57]

LaTeX Warning: Reference `SourceXVI2' on page 58 undefined on input line 904.

[58] [59]
File: ./figures5/QweakSimCerenkovDetector.hh-p1.eps Graphic file (type eps)
 <./figures5/QweakSimCerenkovDetector.hh-p1.eps>

LaTeX Warning: `h' float specifier changed to `ht'.

[60]
File: ./figures5/QweakSimCerenkovDetector.hh-p2.eps Graphic file (type eps)
 <./figures5/QweakSimCerenkovDetector.hh-p2.eps> [61]
File: ./figures5/QweakSimCerenkovDetector.hh-p3.eps Graphic file (type eps)

<./figures5/QweakSimCerenkovDetector.hh-p3.eps> [62]
File: ./figures5/QweakSimCerenkovDetector.hh-p4.eps Graphic file (type eps)

<./figures5/QweakSimCerenkovDetector.hh-p4.eps> [63]
File: ./figures5/QweakSimCerenkovDetector.cc-p1.eps Graphic file (type eps)

<./figures5/QweakSimCerenkovDetector.cc-p1.eps> [64]
File: ./figures5/QweakSimCerenkovDetector.cc-p2.eps Graphic file (type eps)

<./figures5/QweakSimCerenkovDetector.cc-p2.eps> [65]
File: ./figures5/QweakSimCerenkovDetector.cc-p3.eps Graphic file (type eps)

<./figures5/QweakSimCerenkovDetector.cc-p3.eps> [66]
File: ./figures5/QweakSimCerenkovDetector.cc-p4.eps Graphic file (type eps)

<./figures5/QweakSimCerenkovDetector.cc-p4.eps> [67]
File: ./figures5/QweakSimCerenkovDetector.cc-p5.eps Graphic file (type eps)

<./figures5/QweakSimCerenkovDetector.cc-p5.eps> [68]
File: ./figures5/QweakSimCerenkovDetector.cc-p6.eps Graphic file (type eps)

<./figures5/QweakSimCerenkovDetector.cc-p6.eps> [69]
File: ./figures5/QweakSimCerenkovDetector.cc-p7.eps Graphic file (type eps)

<./figures5/QweakSimCerenkovDetector.cc-p7.eps> [70]
File: ./figures5/QweakSimCerenkovDetector.cc-p8.eps Graphic file (type eps)

<./figures5/QweakSimCerenkovDetector.cc-p8.eps> [71]
File: ./figures5/QweakSimCerenkovDetector.cc-p9.eps Graphic file (type eps)

<./figures5/QweakSimCerenkovDetector.cc-p9.eps> [72]
File: ./figures5/QweakSimCerenkovDetector.cc-p10.eps Graphic file (type eps)

<./figures5/QweakSimCerenkovDetector.cc-p10.eps> [73]
File: ./figures5/QweakSimCerenkovDetector.cc-p11.eps Graphic file (type eps)

<./figures5/QweakSimCerenkovDetector.cc-p11.eps> [74]
File: ./figures5/QweakSimCerenkovDetector.cc-p12.eps Graphic file (type eps)

<./figures5/QweakSimCerenkovDetector.cc-p12.eps> [75]
File: ./figures5/QweakSimCerenkovDetector.cc-p13.eps Graphic file (type eps)

<./figures5/QweakSimCerenkovDetector.cc-p13.eps> [76]
File: ./figures5/QweakSimCerenkovDetector.cc-p14.eps Graphic file (type eps)

<./figures5/QweakSimCerenkovDetector.cc-p14.eps> [77]
File: ./figures5/QweakSimCerenkovDetector.cc-p15.eps Graphic file (type eps)

<./figures5/QweakSimCerenkovDetector.cc-p15.eps> [78]
File: ./figures5/QweakSimCerenkovDetector.cc-p16.eps Graphic file (type eps)

<./figures5/QweakSimCerenkovDetector.cc-p16.eps> [79]
File: ./figures5/QweakSimCerenkovDetector.cc-p17.eps Graphic file (type eps)

<./figures5/QweakSimCerenkovDetector.cc-p17.eps> [80]
File: ./figures5/QweakSimCerenkovDetector.cc-p18.eps Graphic file (type eps)

<./figures5/QweakSimCerenkovDetector.cc-p18.eps> [81]
File: ./figures5/QweakSimCerenkovDetector.cc-p19.eps Graphic file (type eps)

<./figures5/QweakSimCerenkovDetector.cc-p19.eps> [82]
File: ./figures5/QweakSimCerenkovDetector.cc-p20.eps Graphic file (type eps)

<./figures5/QweakSimCerenkovDetector.cc-p20.eps> [83]
File: ./figures5/QweakSimCerenkovDetector.cc-p21.eps Graphic file (type eps)

<./figures5/QweakSimCerenkovDetector.cc-p21.eps> [84]
File: ./figures5/QweakSimCerenkovDetector.cc-p22.eps Graphic file (type eps)

<./figures5/QweakSimCerenkovDetector.cc-p22.eps> [85]
File: ./figures5/QweakSimCerenkovDetector.cc-p23.eps Graphic file (type eps)

<./figures5/QweakSimCerenkovDetector.cc-p23.eps> [86]
File: ./figures5/QweakSimUserCerenkov_MainEvent.hh-p1.eps Graphic file (type ep
s)

<./figures5/QweakSimUserCerenkov_MainEvent.hh-p1.eps> [87]
File: ./figures5/QweakSimUserCerenkov_MainEvent.hh-p2.eps Graphic file (type ep
s)

<./figures5/QweakSimUserCerenkov_MainEvent.hh-p2.eps> [88]
File: ./figures5/QweakSimUserCerenkov_MainEvent.cc-p1.eps Graphic file (type ep
s)

<./figures5/QweakSimUserCerenkov_MainEvent.cc-p1.eps> [89]
File: ./figures5/QweakSimUserCerenkov_MainEvent.cc-p2.eps Graphic file (type ep
s)

<./figures5/QweakSimUserCerenkov_MainEvent.cc-p2.eps> [90]
File: ./figures5/QweakSimUserCerenkov_OctantEvent.hh-p1.eps Graphic file (type 
eps)

<./figures5/QweakSimUserCerenkov_OctantEvent.hh-p1.eps> [91]
File: ./figures5/QweakSimUserCerenkov_OctantEvent.hh-p2.eps Graphic file (type 
eps)

<./figures5/QweakSimUserCerenkov_OctantEvent.hh-p2.eps> [92]
File: ./figures5/QweakSimUserCerenkov_OctantEvent.cc-p1.eps Graphic file (type 
eps)

<./figures5/QweakSimUserCerenkov_OctantEvent.cc-p1.eps> [93]
File: ./figures5/QweakSimUserCerenkov_DetectorEvent.hh-p1.eps Graphic file (typ
e eps)

<./figures5/QweakSimUserCerenkov_DetectorEvent.hh-p1.eps> [94]
File: ./figures5/QweakSimUserCerenkov_DetectorEvent.hh-p2.eps Graphic file (typ
e eps)

<./figures5/QweakSimUserCerenkov_DetectorEvent.hh-p2.eps> [95]
File: ./figures5/QweakSimUserCerenkov_DetectorEvent.hh-p3.eps Graphic file (typ
e eps)

<./figures5/QweakSimUserCerenkov_DetectorEvent.hh-p3.eps> [96]
File: ./figures5/QweakSimUserCerenkov_DetectorEvent.hh-p4.eps Graphic file (typ
e eps)

<./figures5/QweakSimUserCerenkov_DetectorEvent.hh-p4.eps> [97]
File: ./figures5/QweakSimUserCerenkov_DetectorEvent.hh-p5.eps Graphic file (typ
e eps)

<./figures5/QweakSimUserCerenkov_DetectorEvent.hh-p5.eps> [98]
File: ./figures5/QweakSimUserCerenkov_DetectorEvent.cc-p1.eps Graphic file (typ
e eps)

<./figures5/QweakSimUserCerenkov_DetectorEvent.cc-p1.eps> [99]
File: ./figures5/QweakSimUserCerenkov_DetectorEvent.cc-p2.eps Graphic file (typ
e eps)

<./figures5/QweakSimUserCerenkov_DetectorEvent.cc-p2.eps> [100]
File: ./figures5/QweakSimUserCerenkov_DetectorEvent.cc-p3.eps Graphic file (typ
e eps)

<./figures5/QweakSimUserCerenkov_DetectorEvent.cc-p3.eps> [101]
File: ./figures5/QweakSimUserCerenkov_DetectorEvent.cc-p4.eps Graphic file (typ
e eps)

<./figures5/QweakSimUserCerenkov_DetectorEvent.cc-p4.eps> [102]
File: ./figures5/QweakSimUserCerenkov_PMTEvent.hh-p1.eps Graphic file (type eps
)

<./figures5/QweakSimUserCerenkov_PMTEvent.hh-p1.eps> [103]
File: ./figures5/QweakSimUserCerenkov_PMTEvent.hh-p2.eps Graphic file (type eps
)

<./figures5/QweakSimUserCerenkov_PMTEvent.hh-p2.eps> [104]
File: ./figures5/QweakSimUserCerenkov_PMTEvent.hh-p3.eps Graphic file (type eps
)

<./figures5/QweakSimUserCerenkov_PMTEvent.hh-p3.eps> [105]
File: ./figures5/QweakSimUserCerenkov_PMTEvent.cc-p1.eps Graphic file (type eps
)

<./figures5/QweakSimUserCerenkov_PMTEvent.cc-p1.eps> [106]
File: ./figures5/QweakSimUserCerenkov_PMTEvent.cc-p2.eps Graphic file (type eps
)

<./figures5/QweakSimUserCerenkov_PMTEvent.cc-p2.eps>) [107]
\openout2 = `./chapter6/chapter6.aux'.


(./chapter6/chapter6.tex [108



















































]
Chapter 7.
) [109]
\openout2 = `./chapter7/chapter7.aux'.

 (./chapter7/chapter7.tex [110



]
Chapter 8.
) [111]
\openout2 = `./chapter8/chapter8.aux'.

 (./chapter8/chapter8.tex [112



]
Chapter 9.
) [113]
\openout2 = `./chapter9/chapter9.aux'.

 (./chapter9/chapter9.tex [114



]
Chapter 10.
) [115]
\openout2 = `./chapter10/chapter10.aux'.

 (./chapter10/chapter10.tex [116



]
Chapter 11.
) [117]
\openout2 = `./chapter11/chapter11.aux'.

 (./chapter11/chapter11.tex [118



]
Chapter 12.
) [119]
\openout2 = `./chapter12/chapter12.aux'.

 (./chapter12/chapter12.tex [120



]
Chapter 13.
) [121]
\openout2 = `./chapter13/chapter13.aux'.

 (./chapter13/chapter13.tex [122



]
Chapter 14.
[123]
File: ./figures13/EventTreeStructure.eps Graphic file (type eps)
 <./figures13/EventTreeStructure.eps> [124

]
File: ./figures13/QweakSimAnalysis.hh-p1.eps Graphic file (type eps)

<./figures13/QweakSimAnalysis.hh-p1.eps>

LaTeX Warning: `h' float specifier changed to `ht'.

[125]
File: ./figures13/QweakSimAnalysis.hh-p2.eps Graphic file (type eps)
 <./figures13/QweakSimAnalysis.hh-p2.eps>

LaTeX Warning: `h' float specifier changed to `ht'.

[126]
File: ./figures13/QweakSimAnalysis.cc-p1.eps Graphic file (type eps)
 <./figures13/QweakSimAnalysis.cc-p1.eps>

LaTeX Warning: `h' float specifier changed to `ht'.

[127]
File: ./figures13/QweakSimAnalysis.cc-p2.eps Graphic file (type eps)
 <./figures13/QweakSimAnalysis.cc-p2.eps>

LaTeX Warning: `h' float specifier changed to `ht'.

[128]
File: ./figures13/QweakSimAnalysis.cc-p3.eps Graphic file (type eps)
 <./figures13/QweakSimAnalysis.cc-p3.eps>

LaTeX Warning: `h' float specifier changed to `ht'.

[129]
File: ./figures13/QweakSimUserMainEvent.hh-p1.eps Graphic file (type eps)
 <./figures13/QweakSimUserMainEvent.hh-p1.eps>

LaTeX Warning: `h' float specifier changed to `ht'.

[130]
File: ./figures13/QweakSimUserMainEvent.hh-p2.eps Graphic file (type eps)
 <./figures13/QweakSimUserMainEvent.hh-p2.eps>

LaTeX Warning: `h' float specifier changed to `ht'.

[131]
File: ./figures13/QweakSimUserMainEvent.hh-p3.eps Graphic file (type eps)
 <./figures13/QweakSimUserMainEvent.hh-p3.eps>

LaTeX Warning: `h' float specifier changed to `ht'.

[132]
File: ./figures13/QweakSimUserMainEvent.cc-p1.eps Graphic file (type eps)
 <./figures13/QweakSimUserMainEvent.cc-p1.eps>

LaTeX Warning: `h' float specifier changed to `ht'.

[133]
File: ./figures13/QweakSimUserMainEvent.cc-p2.eps Graphic file (type eps)
 <./figures13/QweakSimUserMainEvent.cc-p2.eps>

LaTeX Warning: `h' float specifier changed to `ht'.

[134]
File: ./figures13/QweakSimEventAction.hh-p1.eps Graphic file (type eps)
 <./figures13/QweakSimEventAction.hh-p1.eps>

LaTeX Warning: `h' float specifier changed to `ht'.

[135]
File: ./figures13/QweakSimEventAction.hh-p2.eps Graphic file (type eps)
 <./figures13/QweakSimEventAction.hh-p2.eps>

LaTeX Warning: `h' float specifier changed to `ht'.

[136]
File: ./figures13/QweakSimEventAction.hh-p3.eps Graphic file (type eps)
 <./figures13/QweakSimEventAction.hh-p3.eps>

LaTeX Warning: `h' float specifier changed to `ht'.

[137]
File: ./figures13/QweakSimEventAction.hh-p4.eps Graphic file (type eps)
 <./figures13/QweakSimEventAction.hh-p4.eps>

LaTeX Warning: `h' float specifier changed to `ht'.

[138]
File: ./figures13/QweakSimEventAction.hh-p5.eps Graphic file (type eps)
 <./figures13/QweakSimEventAction.hh-p5.eps>

LaTeX Warning: `h' float specifier changed to `ht'.

[139]
File: ./figures13/QweakSimEventAction.cc-p1.eps Graphic file (type eps)
 <./figures13/QweakSimEventAction.cc-p1.eps>

LaTeX Warning: `h' float specifier changed to `ht'.

[140]
File: ./figures13/QweakSimEventAction.cc-p2.eps Graphic file (type eps)
 <./figures13/QweakSimEventAction.cc-p2.eps>

LaTeX Warning: `h' float specifier changed to `ht'.

[141]
File: ./figures13/QweakSimEventAction.cc-p3.eps Graphic file (type eps)
 <./figures13/QweakSimEventAction.cc-p3.eps>

LaTeX Warning: `h' float specifier changed to `ht'.

[142]
File: ./figures13/QweakSimEventAction.cc-p4.eps Graphic file (type eps)
 <./figures13/QweakSimEventAction.cc-p4.eps>

LaTeX Warning: `h' float specifier changed to `ht'.

[143]
File: ./figures13/QweakSimEventAction.cc-p5.eps Graphic file (type eps)
 <./figures13/QweakSimEventAction.cc-p5.eps>

LaTeX Warning: `h' float specifier changed to `ht'.

[144]
File: ./figures13/QweakSimEventAction.cc-p6.eps Graphic file (type eps)
 <./figures13/QweakSimEventAction.cc-p6.eps>

LaTeX Warning: `h' float specifier changed to `ht'.

[145]
File: ./figures13/QweakSimEventAction.cc-p7.eps Graphic file (type eps)
 <./figures13/QweakSimEventAction.cc-p7.eps>

LaTeX Warning: `h' float specifier changed to `ht'.

[146]
File: ./figures13/QweakSimEventAction.cc-p8.eps Graphic file (type eps)
 <./figures13/QweakSimEventAction.cc-p8.eps>

LaTeX Warning: `h' float specifier changed to `ht'.

[147]
File: ./figures13/QweakSimEventAction.cc-p9.eps Graphic file (type eps)
 <./figures13/QweakSimEventAction.cc-p9.eps>

LaTeX Warning: `h' float specifier changed to `ht'.

[148]
File: ./figures13/QweakSimEventAction.cc-p10.eps Graphic file (type eps)
 <./figures13/QweakSimEventAction.cc-p10.eps>

LaTeX Warning: `h' float specifier changed to `ht'.

[149]
File: ./figures13/QweakSimEventAction.cc-p11.eps Graphic file (type eps)
 <./figures13/QweakSimEventAction.cc-p11.eps>

LaTeX Warning: `h' float specifier changed to `ht'.

[150]
File: ./figures13/QweakSimEventAction.cc-p12.eps Graphic file (type eps)
 <./figures13/QweakSimEventAction.cc-p12.eps>

LaTeX Warning: `h' float specifier changed to `ht'.

[151]
File: ./figures13/QweakSimEventAction.cc-p13.eps Graphic file (type eps)
 <./figures13/QweakSimEventAction.cc-p13.eps>

LaTeX Warning: `h' float specifier changed to `ht'.

[152]
File: ./figures13/QweakSimEventAction.cc-p14.eps Graphic file (type eps)
 <./figures13/QweakSimEventAction.cc-p14.eps>

LaTeX Warning: `h' float specifier changed to `ht'.

[153]
File: ./figures13/QweakSimEventAction.cc-p15.eps Graphic file (type eps)
 <./figures13/QweakSimEventAction.cc-p15.eps>

LaTeX Warning: `h' float specifier changed to `ht'.

[154]
File: ./figures13/QweakSimEventAction.cc-p16.eps Graphic file (type eps)
 <./figures13/QweakSimEventAction.cc-p16.eps>

LaTeX Warning: `h' float specifier changed to `ht'.

[155]
File: ./figures13/QweakSimEventAction.cc-p17.eps Graphic file (type eps)
 <./figures13/QweakSimEventAction.cc-p17.eps>

LaTeX Warning: `h' float specifier changed to `ht'.

[156]
File: ./figures13/QweakSimEventAction.cc-p18.eps Graphic file (type eps)
 <./figures13/QweakSimEventAction.cc-p18.eps>

LaTeX Warning: `h' float specifier changed to `ht'.

[157]
File: ./figures13/QweakSimEventAction.cc-p19.eps Graphic file (type eps)
 <./figures13/QweakSimEventAction.cc-p19.eps>

LaTeX Warning: `h' float specifier changed to `ht'.

[158]
File: ./figures13/QweakSimEventAction.cc-p20.eps Graphic file (type eps)
 <./figures13/QweakSimEventAction.cc-p20.eps>

LaTeX Warning: `h' float specifier changed to `ht'.

[159]
File: ./figures13/QweakSimEventAction.cc-p21.eps Graphic file (type eps)
 <./figures13/QweakSimEventAction.cc-p21.eps>

LaTeX Warning: `h' float specifier changed to `ht'.

[160]
File: ./figures13/QweakSimEventAction.cc-p22.eps Graphic file (type eps)
 <./figures13/QweakSimEventAction.cc-p22.eps>

LaTeX Warning: `h' float specifier changed to `ht'.

[161]
File: ./figures13/QweakSimEventAction.cc-p23.eps Graphic file (type eps)
 <./figures13/QweakSimEventAction.cc-p23.eps>

LaTeX Warning: `h' float specifier changed to `ht'.

[162]
File: ./figures13/QweakSimEventAction.cc-p24.eps Graphic file (type eps)
 <./figures13/QweakSimEventAction.cc-p24.eps>

LaTeX Warning: `h' float specifier changed to `ht'.

[163]
File: ./figures13/QweakSimEventAction.cc-p25.eps Graphic file (type eps)
 <./figures13/QweakSimEventAction.cc-p25.eps>

LaTeX Warning: `h' float specifier changed to `ht'.

[164]
File: ./figures13/QweakSimEventAction.cc-p26.eps Graphic file (type eps)
 <./figures13/QweakSimEventAction.cc-p26.eps>

LaTeX Warning: `h' float specifier changed to `ht'.

[165]
File: ./figures13/QweakSimEventAction.cc-p27.eps Graphic file (type eps)
 <./figures13/QweakSimEventAction.cc-p27.eps>

LaTeX Warning: `h' float specifier changed to `ht'.

[166]
File: ./figures13/QweakSimEventAction.cc-p28.eps Graphic file (type eps)
 <./figures13/QweakSimEventAction.cc-p28.eps>

LaTeX Warning: `h' float specifier changed to `ht'.

[167]
File: ./figures13/QweakSimEventAction.cc-p29.eps Graphic file (type eps)
 <./figures13/QweakSimEventAction.cc-p29.eps>

LaTeX Warning: `h' float specifier changed to `ht'.

) [168]
\openout2 = `./chapter14/chapter14.aux'.

 (./chapter14/chapter14.tex
Chapter 15.
) [169
















































]
\openout2 = `./chapter15/chapter15.aux'.

 (./chapter15/chapter15.tex [170



]
Chapter 16.
) [171]
\openout2 = `./chapter16/chapter16.aux'.

 (./chapter16/chapter16.tex [172



]
Chapter 17.
[173]
File: ./figures16/QweakSimSteppingAction.hh-p1.eps Graphic file (type eps)
 <./figures16/QweakSimSteppingAction.hh-p1.eps>

LaTeX Warning: `h' float specifier changed to `ht'.

[174]
File: ./figures16/QweakSimSteppingAction.cc-p1.eps Graphic file (type eps)
 <./figures16/QweakSimSteppingAction.cc-p1.eps>

LaTeX Warning: `h' float specifier changed to `ht'.

[175]
File: ./figures16/QweakSimSteppingAction.cc-p2.eps Graphic file (type eps)
 <./figures16/QweakSimSteppingAction.cc-p2.eps>

LaTeX Warning: `h' float specifier changed to `ht'.

[176]
File: ./figures16/QweakSimSteppingAction.cc-p3.eps Graphic file (type eps)
 <./figures16/QweakSimSteppingAction.cc-p3.eps>

LaTeX Warning: `h' float specifier changed to `ht'.

[177]
File: ./figures16/QweakSimSteppingAction.cc-p4.eps Graphic file (type eps)
 <./figures16/QweakSimSteppingAction.cc-p4.eps>

LaTeX Warning: `h' float specifier changed to `ht'.

[178]
File: ./figures16/QweakSimSteppingAction.cc-p5.eps Graphic file (type eps)
 <./figures16/QweakSimSteppingAction.cc-p5.eps>

LaTeX Warning: `h' float specifier changed to `ht'.

[179])
\openout2 = `./chapter17/chapter17.aux'.

 (./chapter17/chapter17.tex [180










]
Chapter 18.
[181]
File: ./figures17/QweakSimMaterial.hh.eps Graphic file (type eps)
 <./figures17/QweakSimMaterial.hh.eps>

LaTeX Warning: `h' float specifier changed to `ht'.

[182]
File: ./figures17/QweakSimMaterial.cc-p1.eps Graphic file (type eps)
 <./figures17/QweakSimMaterial.cc-p1.eps>

LaTeX Warning: `h' float specifier changed to `ht'.

[183]
File: ./figures17/QweakSimMaterial.cc-p2.eps Graphic file (type eps)
 <./figures17/QweakSimMaterial.cc-p2.eps>

LaTeX Warning: `h' float specifier changed to `ht'.

[184]
File: ./figures17/QweakSimMaterial.cc-p3.eps Graphic file (type eps)
 <./figures17/QweakSimMaterial.cc-p3.eps>

LaTeX Warning: `h' float specifier changed to `ht'.

[185]
File: ./figures17/QweakSimMaterial.cc-p4.eps Graphic file (type eps)
 <./figures17/QweakSimMaterial.cc-p4.eps>

LaTeX Warning: `h' float specifier changed to `ht'.

[186]
File: ./figures17/QweakSimMaterial.cc-p5.eps Graphic file (type eps)
 <./figures17/QweakSimMaterial.cc-p5.eps>

LaTeX Warning: `h' float specifier changed to `ht'.

[187]
File: ./figures17/QweakSimMaterial.cc-p6.eps Graphic file (type eps)
 <./figures17/QweakSimMaterial.cc-p6.eps>

LaTeX Warning: `h' float specifier changed to `ht'.

[188]
File: ./figures17/QweakSimMaterial.cc-p7.eps Graphic file (type eps)
 <./figures17/QweakSimMaterial.cc-p7.eps>

LaTeX Warning: `h' float specifier changed to `ht'.

[189]
File: ./figures17/QweakSimMaterial.cc-p8.eps Graphic file (type eps)
 <./figures17/QweakSimMaterial.cc-p8.eps>

LaTeX Warning: `h' float specifier changed to `ht'.

[190]
File: ./figures17/QweakSimMaterial.cc-p9.eps Graphic file (type eps)
 <./figures17/QweakSimMaterial.cc-p9.eps>

LaTeX Warning: `h' float specifier changed to `ht'.

[191]
File: ./figures17/QweakSimMaterial.cc-p10.eps Graphic file (type eps)
 <./figures17/QweakSimMaterial.cc-p10.eps>

LaTeX Warning: `h' float specifier changed to `ht'.

[192]
File: ./figures17/QweakSimMaterial.cc-p11.eps Graphic file (type eps)
 <./figures17/QweakSimMaterial.cc-p11.eps>

LaTeX Warning: `h' float specifier changed to `ht'.

[193]
File: ./figures17/QweakSimMaterial.cc-p12.eps Graphic file (type eps)
 <./figures17/QweakSimMaterial.cc-p12.eps>

LaTeX Warning: `h' float specifier changed to `ht'.

[194]
File: ./figures17/QweakSimMaterial.cc-p13.eps Graphic file (type eps)
 <./figures17/QweakSimMaterial.cc-p13.eps>

LaTeX Warning: `h' float specifier changed to `ht'.

[195])
\openout2 = `./chapter18/chapter18.aux'.

 (./chapter18/chapter18.tex [196


















]
Chapter 19.
[197]
File: ./figures18/QweakSimUserInformation.hh-p1.eps Graphic file (type eps)
 <./figures18/QweakSimUserInformation.hh-p1.eps>

LaTeX Warning: `h' float specifier changed to `ht'.

[198]
File: ./figures18/QweakSimUserInformation.hh-p2.eps Graphic file (type eps)
 <./figures18/QweakSimUserInformation.hh-p2.eps>

LaTeX Warning: `h' float specifier changed to `ht'.

[199]
File: ./figures18/QweakSimUserInformation.cc-p1.eps Graphic file (type eps)
 <./figures18/QweakSimUserInformation.cc-p1.eps>

LaTeX Warning: `h' float specifier changed to `ht'.

[200]
File: ./figures18/QweakSimUserInformation.cc-p2.eps Graphic file (type eps)
 <./figures18/QweakSimUserInformation.cc-p2.eps>

LaTeX Warning: `h' float specifier changed to `ht'.

[201]
File: ./figures18/QweakSimUserInformation.cc-p3.eps Graphic file (type eps)
 <./figures18/QweakSimUserInformation.cc-p3.eps>

LaTeX Warning: `h' float specifier changed to `ht'.

[202]
File: ./figures18/QweakSimUserInformation.cc-p4.eps Graphic file (type eps)
 <./figures18/QweakSimUserInformation.cc-p4.eps>

LaTeX Warning: `h' float specifier changed to `ht'.

[203]
File: ./figures18/QweakSimUserInformation.cc-p5.eps Graphic file (type eps)
 <./figures18/QweakSimUserInformation.cc-p5.eps>

LaTeX Warning: `h' float specifier changed to `ht'.

[204]) (./main.bbl
Missing character: There is no Ã in font cmr12!
Missing character: There is no © in font cmr12!

Overfull \hbox (30.64311pt too wide) in paragraph at lines 20--25
\OT1/cmr/m/n/12 .  Tech-ni-cal re-port, JLab.  \OT1/cmtt/m/n/12 http://qweak.jl
ab.org/doc-private/ShowDocument?docid=228\OT1/cmr/m/n/12 . 
 []

) [205











] (./main.aux (./contents/contents.aux) (./Introduction/Introduction.aux) (./ch
apter1/chapter1.aux) (./chapter2/chapter2.aux) (./chapter3/chapter3.aux)
(./chapter4/chapter4.aux) (./chapter5/chapter5.aux) (./chapter6/chapter6.aux)
(./chapter7/chapter7.aux) (./chapter8/chapter8.aux) (./chapter9/chapter9.aux)
(./chapter10/chapter10.aux) (./chapter11/chapter11.aux)
(./chapter12/chapter12.aux) (./chapter13/chapter13.aux)
(./chapter14/chapter14.aux) (./chapter15/chapter15.aux)
(./chapter16/chapter16.aux) (./chapter17/chapter17.aux)
(./chapter18/chapter18.aux))

LaTeX Warning: There were undefined references.


LaTeX Warning: There were multiply-defined labels.

 ) 
Here is how much of TeX's memory you used:
 2425 strings out of 94501
 39654 string characters out of 1173692
 83946 words of memory out of 1000000
 5262 multiletter control sequences out of 10000+50000
 12490 words of font info for 43 fonts, out of 500000 for 2000
 580 hyphenation exceptions out of 1000
 27i,9n,43p,757b,284s stack positions out of 1500i,500n,5000p,200000b,5000s

Output written on main.dvi (209 pages, 167204 bytes).
